<?xml version="1.0" encoding="UTF-8"?>
<!-- Generated by org.testng.reporters.JUnitReportReporter -->
<testsuite hostname="Jamalpc" failures="0" tests="7" name="runner.TestRunner" time="65.706" errors="0" timestamp="28 May 2020 03:24:21 GMT" skipped="0">
  <testcase classname="runner.TestRunner" name="runScenario" time="8.020"/>
  <testcase classname="runner.TestRunner" name="runScenario" time="7.881"/>
  <testcase classname="runner.TestRunner" name="runScenario" time="8.071"/>
  <testcase classname="runner.TestRunner" name="runScenario" time="9.344"/>
  <testcase classname="runner.TestRunner" name="runScenario" time="12.189"/>
  <testcase classname="runner.TestRunner" name="runScenario" time="12.007"/>
  <testcase classname="runner.TestRunner" name="runScenario" time="8.194"/>
</testsuite> <!-- runner.TestRunner -->
